2014-06-28 19:25:58,751 [ 1] INFO  PhotonHostRuntime.PhotonDomainManager - Initialize: ApplicationName = 'DefaultDomain', DomainID = '1'
2014-06-28 19:25:58,978 [ 1] INFO  PhotonHostRuntime.PhotonDomainManager - AppDomains with unhandled exceptions are usually not unloaded and restarted.
2014-06-28 19:25:59,017 [ 1] INFO  PhotonHostRuntime.PhotonDomainManager - Getting license information:
2014-06-28 19:26:13,157 [ 1] INFO  PhotonHostRuntime.PhotonLicensing - LICENSE: No license file was found - starting with Bootstrap License.
2014-06-28 19:26:13,158 [ 1] INFO  PhotonHostRuntime.PhotonLicensing - LICENSE: Expiration: never; floating license: no; max connections: 20; valid IPs: any
2014-06-28 19:26:30,431 [ 1] INFO  PhotonHostRuntime.PhotonDomainManager - CreateAppDomain: name = 'Lite' , assemblyName = 'Lite'
2014-06-28 19:26:30,467 [ 1] INFO  PhotonHostRuntime.PhotonDomainManager -   ApplicationBase = 'C:\Users\Johnathan\Documents\LifeSpark\deploy'
2014-06-28 19:26:30,468 [ 1] INFO  PhotonHostRuntime.PhotonDomainManager -   PrivateBinPath = 'C:\Users\Johnathan\Documents\LifeSpark\deploy\Lite\bin;bin_Win64;Shared;'
2014-06-28 19:26:30,468 [ 1] INFO  PhotonHostRuntime.PhotonDomainManager -   ConfigurationFile = 'C:\Users\Johnathan\Documents\LifeSpark\deploy\Lite\bin\Lite.dll.config'
2014-06-28 19:26:30,468 [ 1] INFO  PhotonHostRuntime.PhotonDomainManager -   CachePath = 'C:\Users\Johnathan\Documents\LifeSpark\deploy\Lite\bin\Cache'
2014-06-28 19:26:31,921 [ 1] INFO  PhotonHostRuntime.PhotonDomainManager -   ApplicationPath = 'C:\Users\Johnathan\Documents\LifeSpark\deploy\Lite'
2014-06-28 19:26:31,921 [ 1] INFO  PhotonHostRuntime.PhotonDomainManager -   BinaryPath = 'C:\Users\Johnathan\Documents\LifeSpark\deploy\Lite\bin'
2014-06-28 19:26:31,922 [ 1] INFO  PhotonHostRuntime.PhotonDomainManager -   ApplicationRootPath = 'C:\Users\Johnathan\Documents\LifeSpark\deploy'
2014-06-28 19:26:31,922 [ 1] INFO  PhotonHostRuntime.PhotonDomainManager -   UnmanagedLogPath = 'C:\Users\Johnathan\Documents\LifeSpark\deploy\bin_Win64\log'
2014-06-28 19:26:32,315 [ 1] INFO  PhotonHostRuntime.PhotonDomainManager - AssemblyLoadEvent: Lite, Version=3.4.22.6309, Culture=neutral, PublicKeyToken=null from file:///C:/Users/Johnathan/Documents/LifeSpark/deploy/Lite/bin/Lite.DLL
2014-06-28 19:26:32,318 [ 1] INFO  PhotonHostRuntime.PhotonDomainManager - Photon SDK:3.4.22.6309
2014-06-28 19:26:32,753 [ 1] INFO  PhotonHostRuntime.PhotonDomainManager - AssemblyLoadEvent: Photon.SocketServer, Version=3.4.22.6309, Culture=neutral, PublicKeyToken=48c2fa3b6988090e from file:///C:/Users/Johnathan/Documents/LifeSpark/deploy/Lite/bin/Photon.SocketServer.DLL
2014-06-28 19:26:33,701 [ 1] INFO  PhotonHostRuntime.PhotonDomainManager - AssemblyLoadEvent: ExitGamesLibs, Version=1.0.1.0, Culture=neutral, PublicKeyToken=eac0edd9746a4aa0 from file:///C:/Users/Johnathan/Documents/LifeSpark/deploy/Lite/bin/ExitGamesLibs.DLL
2014-06-28 19:26:34,302 [ 1] INFO  PhotonHostRuntime.PhotonDomainManager - AssemblyLoadEvent: System.Core, Version=4.0.0.0, Culture=neutral, PublicKeyToken=b77a5c561934e089 from file:///C:/Windows/Microsoft.Net/assembly/GAC_MSIL/System.Core/v4.0_4.0.0.0__b77a5c561934e089/System.Core.dll
2014-06-28 19:26:34,328 [ 1] INFO  PhotonHostRuntime.PhotonDomainManager - Starting: name = 'Lite', assemblyName = 'Lite', typeName = 'Lite.LiteApplication'
2014-06-28 19:26:34,358 [ 1] INFO  PhotonHostRuntime.PhotonDomainManager - CreateAppDomain: name = 'LiteLobby' , assemblyName = 'LiteLobby'
2014-06-28 19:26:34,437 [ 1] INFO  PhotonHostRuntime.PhotonDomainManager -   ApplicationBase = 'C:\Users\Johnathan\Documents\LifeSpark\deploy'
2014-06-28 19:26:34,437 [ 1] INFO  PhotonHostRuntime.PhotonDomainManager -   PrivateBinPath = 'C:\Users\Johnathan\Documents\LifeSpark\deploy\LiteLobby\bin;bin_Win64;Shared;'
2014-06-28 19:26:34,438 [ 1] INFO  PhotonHostRuntime.PhotonDomainManager -   ConfigurationFile = 'C:\Users\Johnathan\Documents\LifeSpark\deploy\LiteLobby\bin\LiteLobby.dll.config'
2014-06-28 19:26:34,438 [ 1] INFO  PhotonHostRuntime.PhotonDomainManager -   CachePath = 'C:\Users\Johnathan\Documents\LifeSpark\deploy\LiteLobby\bin\Cache'
2014-06-28 19:26:35,782 [ 1] INFO  PhotonHostRuntime.PhotonDomainManager -   ApplicationPath = 'C:\Users\Johnathan\Documents\LifeSpark\deploy\LiteLobby'
2014-06-28 19:26:35,783 [ 1] INFO  PhotonHostRuntime.PhotonDomainManager -   BinaryPath = 'C:\Users\Johnathan\Documents\LifeSpark\deploy\LiteLobby\bin'
2014-06-28 19:26:35,783 [ 1] INFO  PhotonHostRuntime.PhotonDomainManager -   ApplicationRootPath = 'C:\Users\Johnathan\Documents\LifeSpark\deploy'
2014-06-28 19:26:35,784 [ 1] INFO  PhotonHostRuntime.PhotonDomainManager -   UnmanagedLogPath = 'C:\Users\Johnathan\Documents\LifeSpark\deploy\bin_Win64\log'
2014-06-28 19:26:36,088 [ 1] INFO  PhotonHostRuntime.PhotonDomainManager - AssemblyLoadEvent: LiteLobby, Version=3.4.22.6309, Culture=neutral, PublicKeyToken=null from file:///C:/Users/Johnathan/Documents/LifeSpark/deploy/LiteLobby/bin/LiteLobby.DLL
2014-06-28 19:26:36,091 [ 1] INFO  PhotonHostRuntime.PhotonDomainManager - Photon SDK:3.4.22.6309
2014-06-28 19:26:36,410 [ 1] INFO  PhotonHostRuntime.PhotonDomainManager - AssemblyLoadEvent: Lite, Version=3.4.22.6309, Culture=neutral, PublicKeyToken=null from file:///C:/Users/Johnathan/Documents/LifeSpark/deploy/LiteLobby/bin/Lite.DLL
2014-06-28 19:26:36,629 [ 1] INFO  PhotonHostRuntime.PhotonDomainManager - AssemblyLoadEvent: Photon.SocketServer, Version=3.4.22.6309, Culture=neutral, PublicKeyToken=48c2fa3b6988090e from file:///C:/Users/Johnathan/Documents/LifeSpark/deploy/LiteLobby/bin/Photon.SocketServer.DLL
2014-06-28 19:26:36,836 [ 1] INFO  PhotonHostRuntime.PhotonDomainManager - AssemblyLoadEvent: ExitGamesLibs, Version=1.0.1.0, Culture=neutral, PublicKeyToken=eac0edd9746a4aa0 from file:///C:/Users/Johnathan/Documents/LifeSpark/deploy/LiteLobby/bin/ExitGamesLibs.DLL
2014-06-28 19:26:36,858 [ 1] INFO  PhotonHostRuntime.PhotonDomainManager - AssemblyLoadEvent: System.Core, Version=4.0.0.0, Culture=neutral, PublicKeyToken=b77a5c561934e089 from file:///C:/Windows/Microsoft.Net/assembly/GAC_MSIL/System.Core/v4.0_4.0.0.0__b77a5c561934e089/System.Core.dll
2014-06-28 19:26:36,866 [ 1] INFO  PhotonHostRuntime.PhotonDomainManager - Starting: name = 'LiteLobby', assemblyName = 'LiteLobby', typeName = 'LiteLobby.LiteLobbyApplication'
2014-06-28 19:26:36,868 [ 1] INFO  PhotonHostRuntime.PhotonDomainManager - CreateAppDomain: name = 'MmoDemo' , assemblyName = 'Photon.MmoDemo.Server'
2014-06-28 19:26:36,887 [ 1] INFO  PhotonHostRuntime.PhotonDomainManager -   ApplicationBase = 'C:\Users\Johnathan\Documents\LifeSpark\deploy'
2014-06-28 19:26:36,887 [ 1] INFO  PhotonHostRuntime.PhotonDomainManager -   PrivateBinPath = 'C:\Users\Johnathan\Documents\LifeSpark\deploy\MmoDemo\bin;bin_Win64;Shared;'
2014-06-28 19:26:36,888 [ 1] INFO  PhotonHostRuntime.PhotonDomainManager -   ConfigurationFile = ''
2014-06-28 19:26:36,888 [ 1] INFO  PhotonHostRuntime.PhotonDomainManager -   CachePath = 'C:\Users\Johnathan\Documents\LifeSpark\deploy\MmoDemo\bin\Cache'
2014-06-28 19:26:38,259 [ 1] INFO  PhotonHostRuntime.PhotonDomainManager -   ApplicationPath = 'C:\Users\Johnathan\Documents\LifeSpark\deploy\MmoDemo'
2014-06-28 19:26:38,260 [ 1] INFO  PhotonHostRuntime.PhotonDomainManager -   BinaryPath = 'C:\Users\Johnathan\Documents\LifeSpark\deploy\MmoDemo\bin'
2014-06-28 19:26:38,260 [ 1] INFO  PhotonHostRuntime.PhotonDomainManager -   ApplicationRootPath = 'C:\Users\Johnathan\Documents\LifeSpark\deploy'
2014-06-28 19:26:38,260 [ 1] INFO  PhotonHostRuntime.PhotonDomainManager -   UnmanagedLogPath = 'C:\Users\Johnathan\Documents\LifeSpark\deploy\bin_Win64\log'
2014-06-28 19:26:38,547 [ 1] INFO  PhotonHostRuntime.PhotonDomainManager - AssemblyLoadEvent: Photon.MmoDemo.Server, Version=3.4.22.6309, Culture=neutral, PublicKeyToken=null from file:///C:/Users/Johnathan/Documents/LifeSpark/deploy/MmoDemo/bin/Photon.MmoDemo.Server.DLL
2014-06-28 19:26:38,549 [ 1] INFO  PhotonHostRuntime.PhotonDomainManager - Photon SDK:3.4.22.6309
2014-06-28 19:26:39,042 [ 1] INFO  PhotonHostRuntime.PhotonDomainManager - AssemblyLoadEvent: Photon.SocketServer, Version=3.4.22.6309, Culture=neutral, PublicKeyToken=48c2fa3b6988090e from file:///C:/Users/Johnathan/Documents/LifeSpark/deploy/MmoDemo/bin/Photon.SocketServer.DLL
2014-06-28 19:26:39,411 [ 1] INFO  PhotonHostRuntime.PhotonDomainManager - AssemblyLoadEvent: ExitGamesLibs, Version=1.0.1.0, Culture=neutral, PublicKeyToken=eac0edd9746a4aa0 from file:///C:/Users/Johnathan/Documents/LifeSpark/deploy/MmoDemo/bin/ExitGamesLibs.DLL
2014-06-28 19:26:39,453 [ 1] INFO  PhotonHostRuntime.PhotonDomainManager - AssemblyLoadEvent: System.Core, Version=4.0.0.0, Culture=neutral, PublicKeyToken=b77a5c561934e089 from file:///C:/Windows/Microsoft.Net/assembly/GAC_MSIL/System.Core/v4.0_4.0.0.0__b77a5c561934e089/System.Core.dll
2014-06-28 19:26:39,458 [ 1] INFO  PhotonHostRuntime.PhotonDomainManager - Starting: name = 'MmoDemo', assemblyName = 'Photon.MmoDemo.Server', typeName = 'Photon.MmoDemo.Server.PhotonApplication'
2014-06-28 19:26:39,459 [ 1] INFO  PhotonHostRuntime.PhotonDomainManager - CreateAppDomain: name = 'CounterPublisher' , assemblyName = 'CounterPublisher'
2014-06-28 19:26:39,652 [ 1] INFO  PhotonHostRuntime.PhotonDomainManager -   ApplicationBase = 'C:\Users\Johnathan\Documents\LifeSpark\deploy'
2014-06-28 19:26:39,653 [ 1] INFO  PhotonHostRuntime.PhotonDomainManager -   PrivateBinPath = 'C:\Users\Johnathan\Documents\LifeSpark\deploy\CounterPublisher\bin;bin_Win64;Shared;'
2014-06-28 19:26:39,653 [ 1] INFO  PhotonHostRuntime.PhotonDomainManager -   ConfigurationFile = 'C:\Users\Johnathan\Documents\LifeSpark\deploy\CounterPublisher\bin\CounterPublisher.dll.config'
2014-06-28 19:26:39,654 [ 1] INFO  PhotonHostRuntime.PhotonDomainManager -   CachePath = 'C:\Users\Johnathan\Documents\LifeSpark\deploy\CounterPublisher\bin\Cache'
2014-06-28 19:26:40,392 [ 1] INFO  PhotonHostRuntime.PhotonDomainManager -   ApplicationPath = 'C:\Users\Johnathan\Documents\LifeSpark\deploy\CounterPublisher'
2014-06-28 19:26:40,392 [ 1] INFO  PhotonHostRuntime.PhotonDomainManager -   BinaryPath = 'C:\Users\Johnathan\Documents\LifeSpark\deploy\CounterPublisher\bin'
2014-06-28 19:26:40,393 [ 1] INFO  PhotonHostRuntime.PhotonDomainManager -   ApplicationRootPath = 'C:\Users\Johnathan\Documents\LifeSpark\deploy'
2014-06-28 19:26:40,394 [ 1] INFO  PhotonHostRuntime.PhotonDomainManager -   UnmanagedLogPath = 'C:\Users\Johnathan\Documents\LifeSpark\deploy\bin_Win64\log'
2014-06-28 19:26:40,805 [ 1] INFO  PhotonHostRuntime.PhotonDomainManager - AssemblyLoadEvent: CounterPublisher, Version=3.4.22.6309, Culture=neutral, PublicKeyToken=null from file:///C:/Users/Johnathan/Documents/LifeSpark/deploy/CounterPublisher/bin/CounterPublisher.DLL
2014-06-28 19:26:40,808 [ 1] INFO  PhotonHostRuntime.PhotonDomainManager - Photon SDK:3.4.22.6309
2014-06-28 19:26:41,207 [ 1] INFO  PhotonHostRuntime.PhotonDomainManager - AssemblyLoadEvent: Photon.SocketServer, Version=3.4.22.6309, Culture=neutral, PublicKeyToken=48c2fa3b6988090e from file:///C:/Users/Johnathan/Documents/LifeSpark/deploy/CounterPublisher/bin/Photon.SocketServer.DLL
2014-06-28 19:26:41,591 [ 1] INFO  PhotonHostRuntime.PhotonDomainManager - AssemblyLoadEvent: ExitGamesLibs, Version=1.0.1.0, Culture=neutral, PublicKeyToken=eac0edd9746a4aa0 from file:///C:/Users/Johnathan/Documents/LifeSpark/deploy/CounterPublisher/bin/ExitGamesLibs.DLL
2014-06-28 19:26:41,605 [ 1] INFO  PhotonHostRuntime.PhotonDomainManager - AssemblyLoadEvent: System.Core, Version=4.0.0.0, Culture=neutral, PublicKeyToken=b77a5c561934e089 from file:///C:/Windows/Microsoft.Net/assembly/GAC_MSIL/System.Core/v4.0_4.0.0.0__b77a5c561934e089/System.Core.dll
2014-06-28 19:26:41,608 [ 1] INFO  PhotonHostRuntime.PhotonDomainManager - Starting: name = 'CounterPublisher', assemblyName = 'CounterPublisher', typeName = 'Photon.CounterPublisher.Application'
2014-06-28 19:26:42,189 [ 1] INFO  PhotonHostRuntime.PhotonDomainManager - PhotonRunning: ApplicationName = 'CounterPublisher', DomainId='5' -- calling Application.Setup
2014-06-28 19:26:42,610 [ 1] INFO  PhotonHostRuntime.PhotonDomainManager - AssemblyLoadEvent: ExitGames.Logging.Log4Net, Version=1.0.1.0, Culture=neutral, PublicKeyToken=eac0edd9746a4aa0 from file:///C:/Users/Johnathan/Documents/LifeSpark/deploy/CounterPublisher/bin/ExitGames.Logging.Log4Net.DLL
2014-06-28 19:26:53,335 [ 1] INFO  PhotonHostRuntime.PhotonDomainManager - PhotonRunning: ApplicationName = 'Lite', DomainId='2' -- calling Application.Setup
2014-06-28 19:26:53,424 [ 1] INFO  PhotonHostRuntime.PhotonDomainManager - AssemblyLoadEvent: ExitGames.Logging.Log4Net, Version=1.0.1.0, Culture=neutral, PublicKeyToken=eac0edd9746a4aa0 from file:///C:/Users/Johnathan/Documents/LifeSpark/deploy/Lite/bin/ExitGames.Logging.Log4Net.DLL
2014-06-28 19:26:53,859 [ 1] INFO  PhotonHostRuntime.PhotonDomainManager - PhotonRunning: ApplicationName = 'LiteLobby', DomainId='3' -- calling Application.Setup
2014-06-28 19:26:53,910 [ 1] INFO  PhotonHostRuntime.PhotonDomainManager - AssemblyLoadEvent: ExitGames.Logging.Log4Net, Version=1.0.1.0, Culture=neutral, PublicKeyToken=eac0edd9746a4aa0 from file:///C:/Users/Johnathan/Documents/LifeSpark/deploy/LiteLobby/bin/ExitGames.Logging.Log4Net.DLL
2014-06-28 19:26:54,494 [ 1] INFO  PhotonHostRuntime.PhotonDomainManager - PhotonRunning: ApplicationName = 'MmoDemo', DomainId='4' -- calling Application.Setup
2014-06-28 19:26:54,643 [ 1] INFO  PhotonHostRuntime.PhotonDomainManager - AssemblyLoadEvent: ExitGames.Logging.Log4Net, Version=1.0.1.0, Culture=neutral, PublicKeyToken=eac0edd9746a4aa0 from file:///C:/Users/Johnathan/Documents/LifeSpark/deploy/MmoDemo/bin/ExitGames.Logging.Log4Net.DLL
2014-06-28 19:26:59,042 [ 1] INFO  PhotonHostRuntime.PhotonDomainManager - PhotonRunning: ApplicationName = 'DefaultDomain', DomainId='1'
2014-06-28 19:56:50,331 [ 1] INFO  PhotonHostRuntime.PhotonDomainManager - RequestStop: ApplicationName = 'DefaultDomain', DomainId='1'
2014-06-28 20:56:30,295 [ 1] INFO  PhotonHostRuntime.PhotonDomainManager - Initialize: ApplicationName = 'DefaultDomain', DomainID = '1'
2014-06-28 20:56:30,334 [ 1] INFO  PhotonHostRuntime.PhotonDomainManager - AppDomains with unhandled exceptions are usually not unloaded and restarted.
2014-06-28 20:56:30,341 [ 1] INFO  PhotonHostRuntime.PhotonDomainManager - Getting license information:
2014-06-28 20:56:35,966 [ 1] INFO  PhotonHostRuntime.PhotonLicensing - LICENSE: No license file was found - starting with Bootstrap License.
2014-06-28 20:56:35,966 [ 1] INFO  PhotonHostRuntime.PhotonLicensing - LICENSE: Expiration: never; floating license: no; max connections: 20; valid IPs: any
2014-06-28 20:56:41,036 [ 1] INFO  PhotonHostRuntime.PhotonDomainManager - CreateAppDomain: name = 'Lite' , assemblyName = 'Lite'
2014-06-28 20:56:41,038 [ 1] INFO  PhotonHostRuntime.PhotonDomainManager -   ApplicationBase = 'C:\Users\Johnathan\Documents\GitHub\LifeSparkDev\LifeSpark\Assets\Photon Server\PhotonServerRes\deploy'
2014-06-28 20:56:41,038 [ 1] INFO  PhotonHostRuntime.PhotonDomainManager -   PrivateBinPath = 'C:\Users\Johnathan\Documents\GitHub\LifeSparkDev\LifeSpark\Assets\Photon Server\PhotonServerRes\deploy\Lite\bin;bin_Win64;Shared;'
2014-06-28 20:56:41,038 [ 1] INFO  PhotonHostRuntime.PhotonDomainManager -   ConfigurationFile = 'C:\Users\Johnathan\Documents\GitHub\LifeSparkDev\LifeSpark\Assets\Photon Server\PhotonServerRes\deploy\Lite\bin\Lite.dll.config'
2014-06-28 20:56:41,038 [ 1] INFO  PhotonHostRuntime.PhotonDomainManager -   CachePath = 'C:\Users\Johnathan\Documents\GitHub\LifeSparkDev\LifeSpark\Assets\Photon Server\PhotonServerRes\deploy\Lite\bin\Cache'
2014-06-28 20:56:41,190 [ 1] INFO  PhotonHostRuntime.PhotonDomainManager -   ApplicationPath = 'C:\Users\Johnathan\Documents\GitHub\LifeSparkDev\LifeSpark\Assets\Photon Server\PhotonServerRes\deploy\Lite'
2014-06-28 20:56:41,191 [ 1] INFO  PhotonHostRuntime.PhotonDomainManager -   BinaryPath = 'C:\Users\Johnathan\Documents\GitHub\LifeSparkDev\LifeSpark\Assets\Photon Server\PhotonServerRes\deploy\Lite\bin'
2014-06-28 20:56:41,192 [ 1] INFO  PhotonHostRuntime.PhotonDomainManager -   ApplicationRootPath = 'C:\Users\Johnathan\Documents\GitHub\LifeSparkDev\LifeSpark\Assets\Photon Server\PhotonServerRes\deploy'
2014-06-28 20:56:41,192 [ 1] INFO  PhotonHostRuntime.PhotonDomainManager -   UnmanagedLogPath = 'C:\Users\Johnathan\Documents\GitHub\LifeSparkDev\LifeSpark\Assets\Photon Server\PhotonServerRes\deploy\bin_Win64\log'
2014-06-28 20:56:41,500 [ 1] INFO  PhotonHostRuntime.PhotonDomainManager - AssemblyLoadEvent: Lite, Version=3.4.22.6309, Culture=neutral, PublicKeyToken=null from file:///C:/Users/Johnathan/Documents/GitHub/LifeSparkDev/LifeSpark/Assets/Photon Server/PhotonServerRes/deploy/Lite/bin/Lite.DLL
2014-06-28 20:56:41,502 [ 1] INFO  PhotonHostRuntime.PhotonDomainManager - Photon SDK:3.4.22.6309
2014-06-28 20:56:41,519 [ 1] INFO  PhotonHostRuntime.PhotonDomainManager - AssemblyLoadEvent: Photon.SocketServer, Version=3.4.22.6309, Culture=neutral, PublicKeyToken=48c2fa3b6988090e from file:///C:/Users/Johnathan/Documents/GitHub/LifeSparkDev/LifeSpark/Assets/Photon Server/PhotonServerRes/deploy/Lite/bin/Photon.SocketServer.DLL
2014-06-28 20:56:41,542 [ 1] INFO  PhotonHostRuntime.PhotonDomainManager - AssemblyLoadEvent: ExitGamesLibs, Version=1.0.1.0, Culture=neutral, PublicKeyToken=eac0edd9746a4aa0 from file:///C:/Users/Johnathan/Documents/GitHub/LifeSparkDev/LifeSpark/Assets/Photon Server/PhotonServerRes/deploy/Lite/bin/ExitGamesLibs.DLL
2014-06-28 20:56:41,558 [ 1] INFO  PhotonHostRuntime.PhotonDomainManager - AssemblyLoadEvent: System.Core, Version=4.0.0.0, Culture=neutral, PublicKeyToken=b77a5c561934e089 from file:///C:/Windows/Microsoft.Net/assembly/GAC_MSIL/System.Core/v4.0_4.0.0.0__b77a5c561934e089/System.Core.dll
2014-06-28 20:56:41,563 [ 1] INFO  PhotonHostRuntime.PhotonDomainManager - Starting: name = 'Lite', assemblyName = 'Lite', typeName = 'Lite.LiteApplication'
2014-06-28 20:56:41,568 [ 1] INFO  PhotonHostRuntime.PhotonDomainManager - CreateAppDomain: name = 'DataStore' , assemblyName = 'DataStore'
2014-06-28 20:56:41,572 [ 1] ERROR PhotonHostRuntime.PhotonDomainManager - CreateDomain
System.Exception: Can't find DataStore.dll in C:\Users\Johnathan\Documents\GitHub\LifeSparkDev\LifeSpark\Assets\Photon Server\PhotonServerRes\deploy\Lite\bin or C:\Users\Johnathan\Documents\GitHub\LifeSparkDev\LifeSpark\Assets\Photon Server\PhotonServerRes\deploy\DataStore\bin
   at PhotonHostRuntime.PhotonDomainManager.PhotonDefaultAppDomainBehavior.CreateAppDomain(String name, String assemblyName, String baseDirectoryRaw, String applicationRootDirectoryRaw, String applicationDirectoryRaw, String sharedDirectoryRaw, String applicationSharedDirectoryRaw, Boolean enableShadowCopy, Boolean createPerInstanceShadowCopyCaches, String instanceName)
   at PhotonHostRuntime.PhotonDomainManager.CreateAppDomain(String name, String assemblyName, String baseDirectoryRaw, String applicationRootDirectoryRaw, String applicationDirectoryRaw, String sharedDirectoryRaw, String applicationSharedDirectoryRaw, Boolean enableShadowCopy, Boolean createPerInstanceShadowCopyCaches, String instanceName)
2014-06-28 20:56:41,699 [ 1] INFO  PhotonHostRuntime.PhotonDomainManager - RequestStop: ApplicationName = 'Lite', DomainId='2' -- calling Application.OnStopRequested()
2014-06-28 20:56:41,706 [ 1] INFO  PhotonHostRuntime.PhotonDomainManager - RequestStop: ApplicationName = 'DefaultDomain', DomainId='1'
2014-06-28 20:56:41,710 [ 1] INFO  PhotonHostRuntime.PhotonDomainManager - Stop: ApplicationName = 'Lite', DomainId='2' -- calling Application.TearDown()
2014-06-28 22:00:10,586 [ 1] INFO  PhotonHostRuntime.PhotonDomainManager - Initialize: ApplicationName = 'DefaultDomain', DomainID = '1'
2014-06-28 22:00:10,628 [ 1] INFO  PhotonHostRuntime.PhotonDomainManager - AppDomains with unhandled exceptions are usually not unloaded and restarted.
2014-06-28 22:00:10,634 [ 1] INFO  PhotonHostRuntime.PhotonDomainManager - Getting license information:
2014-06-28 22:00:17,214 [ 1] INFO  PhotonHostRuntime.PhotonLicensing - LICENSE: No license file was found - starting with Bootstrap License.
2014-06-28 22:00:17,214 [ 1] INFO  PhotonHostRuntime.PhotonLicensing - LICENSE: Expiration: never; floating license: no; max connections: 20; valid IPs: any
2014-06-28 22:00:22,308 [ 1] INFO  PhotonHostRuntime.PhotonDomainManager - CreateAppDomain: name = 'Lite' , assemblyName = 'Lite'
2014-06-28 22:00:22,311 [ 1] INFO  PhotonHostRuntime.PhotonDomainManager -   ApplicationBase = 'C:\Users\Johnathan\Documents\GitHub\LifeSparkDev\LifeSpark\Photon Server\PhotonServerRes\deploy'
2014-06-28 22:00:22,322 [ 1] INFO  PhotonHostRuntime.PhotonDomainManager -   PrivateBinPath = 'C:\Users\Johnathan\Documents\GitHub\LifeSparkDev\LifeSpark\Photon Server\PhotonServerRes\deploy\Lite\bin;bin_Win64;Shared;'
2014-06-28 22:00:22,322 [ 1] INFO  PhotonHostRuntime.PhotonDomainManager -   ConfigurationFile = 'C:\Users\Johnathan\Documents\GitHub\LifeSparkDev\LifeSpark\Photon Server\PhotonServerRes\deploy\Lite\bin\Lite.dll.config'
2014-06-28 22:00:22,323 [ 1] INFO  PhotonHostRuntime.PhotonDomainManager -   CachePath = 'C:\Users\Johnathan\Documents\GitHub\LifeSparkDev\LifeSpark\Photon Server\PhotonServerRes\deploy\Lite\bin\Cache'
2014-06-28 22:00:22,471 [ 1] INFO  PhotonHostRuntime.PhotonDomainManager -   ApplicationPath = 'C:\Users\Johnathan\Documents\GitHub\LifeSparkDev\LifeSpark\Photon Server\PhotonServerRes\deploy\Lite'
2014-06-28 22:00:22,478 [ 1] INFO  PhotonHostRuntime.PhotonDomainManager -   BinaryPath = 'C:\Users\Johnathan\Documents\GitHub\LifeSparkDev\LifeSpark\Photon Server\PhotonServerRes\deploy\Lite\bin'
2014-06-28 22:00:22,478 [ 1] INFO  PhotonHostRuntime.PhotonDomainManager -   ApplicationRootPath = 'C:\Users\Johnathan\Documents\GitHub\LifeSparkDev\LifeSpark\Photon Server\PhotonServerRes\deploy'
2014-06-28 22:00:22,479 [ 1] INFO  PhotonHostRuntime.PhotonDomainManager -   UnmanagedLogPath = 'C:\Users\Johnathan\Documents\GitHub\LifeSparkDev\LifeSpark\Photon Server\PhotonServerRes\deploy\bin_Win64\log'
2014-06-28 22:00:22,500 [ 1] INFO  PhotonHostRuntime.PhotonDomainManager - AssemblyLoadEvent: Lite, Version=3.4.22.6309, Culture=neutral, PublicKeyToken=null from file:///C:/Users/Johnathan/Documents/GitHub/LifeSparkDev/LifeSpark/Photon Server/PhotonServerRes/deploy/Lite/bin/Lite.DLL
2014-06-28 22:00:22,502 [ 1] INFO  PhotonHostRuntime.PhotonDomainManager - Photon SDK:3.4.22.6309
2014-06-28 22:00:22,521 [ 1] INFO  PhotonHostRuntime.PhotonDomainManager - AssemblyLoadEvent: Photon.SocketServer, Version=3.4.22.6309, Culture=neutral, PublicKeyToken=48c2fa3b6988090e from file:///C:/Users/Johnathan/Documents/GitHub/LifeSparkDev/LifeSpark/Photon Server/PhotonServerRes/deploy/Lite/bin/Photon.SocketServer.DLL
2014-06-28 22:00:22,549 [ 1] INFO  PhotonHostRuntime.PhotonDomainManager - AssemblyLoadEvent: ExitGamesLibs, Version=1.0.1.0, Culture=neutral, PublicKeyToken=eac0edd9746a4aa0 from file:///C:/Users/Johnathan/Documents/GitHub/LifeSparkDev/LifeSpark/Photon Server/PhotonServerRes/deploy/Lite/bin/ExitGamesLibs.DLL
2014-06-28 22:00:22,563 [ 1] INFO  PhotonHostRuntime.PhotonDomainManager - AssemblyLoadEvent: System.Core, Version=4.0.0.0, Culture=neutral, PublicKeyToken=b77a5c561934e089 from file:///C:/Windows/Microsoft.Net/assembly/GAC_MSIL/System.Core/v4.0_4.0.0.0__b77a5c561934e089/System.Core.dll
2014-06-28 22:00:22,565 [ 1] INFO  PhotonHostRuntime.PhotonDomainManager - Starting: name = 'Lite', assemblyName = 'Lite', typeName = 'Lite.LiteApplication'
2014-06-28 22:00:22,566 [ 1] INFO  PhotonHostRuntime.PhotonDomainManager - CreateAppDomain: name = 'DataStore' , assemblyName = 'DataStore'
2014-06-28 22:00:22,567 [ 1] ERROR PhotonHostRuntime.PhotonDomainManager - CreateDomain
System.Exception: Can't find DataStore.dll in C:\Users\Johnathan\Documents\GitHub\LifeSparkDev\LifeSpark\Photon Server\PhotonServerRes\deploy\Lite\bin or C:\Users\Johnathan\Documents\GitHub\LifeSparkDev\LifeSpark\Photon Server\PhotonServerRes\deploy\DataStore\bin
   at PhotonHostRuntime.PhotonDomainManager.PhotonDefaultAppDomainBehavior.CreateAppDomain(String name, String assemblyName, String baseDirectoryRaw, String applicationRootDirectoryRaw, String applicationDirectoryRaw, String sharedDirectoryRaw, String applicationSharedDirectoryRaw, Boolean enableShadowCopy, Boolean createPerInstanceShadowCopyCaches, String instanceName)
   at PhotonHostRuntime.PhotonDomainManager.CreateAppDomain(String name, String assemblyName, String baseDirectoryRaw, String applicationRootDirectoryRaw, String applicationDirectoryRaw, String sharedDirectoryRaw, String applicationSharedDirectoryRaw, Boolean enableShadowCopy, Boolean createPerInstanceShadowCopyCaches, String instanceName)
2014-06-28 22:00:22,571 [ 1] INFO  PhotonHostRuntime.PhotonDomainManager - RequestStop: ApplicationName = 'Lite', DomainId='2' -- calling Application.OnStopRequested()
2014-06-28 22:00:22,577 [ 1] INFO  PhotonHostRuntime.PhotonDomainManager - RequestStop: ApplicationName = 'DefaultDomain', DomainId='1'
2014-06-28 22:00:22,591 [ 1] INFO  PhotonHostRuntime.PhotonDomainManager - Stop: ApplicationName = 'Lite', DomainId='2' -- calling Application.TearDown()
2014-06-28 22:05:13,599 [ 1] INFO  PhotonHostRuntime.PhotonDomainManager - Initialize: ApplicationName = 'DefaultDomain', DomainID = '1'
2014-06-28 22:05:13,642 [ 1] INFO  PhotonHostRuntime.PhotonDomainManager - AppDomains with unhandled exceptions are usually not unloaded and restarted.
2014-06-28 22:05:13,646 [ 1] INFO  PhotonHostRuntime.PhotonDomainManager - Getting license information:
2014-06-28 22:05:20,049 [ 1] INFO  PhotonHostRuntime.PhotonLicensing - LICENSE: No license file was found - starting with Bootstrap License.
2014-06-28 22:05:20,049 [ 1] INFO  PhotonHostRuntime.PhotonLicensing - LICENSE: Expiration: never; floating license: no; max connections: 20; valid IPs: any
2014-06-28 22:05:25,159 [ 1] INFO  PhotonHostRuntime.PhotonDomainManager - CreateAppDomain: name = 'Lite' , assemblyName = 'Lite'
2014-06-28 22:05:25,161 [ 1] INFO  PhotonHostRuntime.PhotonDomainManager -   ApplicationBase = 'C:\Users\Johnathan\Documents\GitHub\LifeSparkDev\LifeSpark\Photon Server\PhotonServerRes\deploy'
2014-06-28 22:05:25,161 [ 1] INFO  PhotonHostRuntime.PhotonDomainManager -   PrivateBinPath = 'C:\Users\Johnathan\Documents\GitHub\LifeSparkDev\LifeSpark\Photon Server\PhotonServerRes\deploy\Lite\bin;bin_Win64;Shared;'
2014-06-28 22:05:25,161 [ 1] INFO  PhotonHostRuntime.PhotonDomainManager -   ConfigurationFile = 'C:\Users\Johnathan\Documents\GitHub\LifeSparkDev\LifeSpark\Photon Server\PhotonServerRes\deploy\Lite\bin\Lite.dll.config'
2014-06-28 22:05:25,162 [ 1] INFO  PhotonHostRuntime.PhotonDomainManager -   CachePath = 'C:\Users\Johnathan\Documents\GitHub\LifeSparkDev\LifeSpark\Photon Server\PhotonServerRes\deploy\Lite\bin\Cache'
2014-06-28 22:05:25,264 [ 1] INFO  PhotonHostRuntime.PhotonDomainManager -   ApplicationPath = 'C:\Users\Johnathan\Documents\GitHub\LifeSparkDev\LifeSpark\Photon Server\PhotonServerRes\deploy\Lite'
2014-06-28 22:05:25,280 [ 1] INFO  PhotonHostRuntime.PhotonDomainManager -   BinaryPath = 'C:\Users\Johnathan\Documents\GitHub\LifeSparkDev\LifeSpark\Photon Server\PhotonServerRes\deploy\Lite\bin'
2014-06-28 22:05:25,280 [ 1] INFO  PhotonHostRuntime.PhotonDomainManager -   ApplicationRootPath = 'C:\Users\Johnathan\Documents\GitHub\LifeSparkDev\LifeSpark\Photon Server\PhotonServerRes\deploy'
2014-06-28 22:05:25,281 [ 1] INFO  PhotonHostRuntime.PhotonDomainManager -   UnmanagedLogPath = 'C:\Users\Johnathan\Documents\GitHub\LifeSparkDev\LifeSpark\Photon Server\PhotonServerRes\deploy\bin_Win64\log'
2014-06-28 22:05:25,294 [ 1] INFO  PhotonHostRuntime.PhotonDomainManager - AssemblyLoadEvent: Lite, Version=3.4.22.6309, Culture=neutral, PublicKeyToken=null from file:///C:/Users/Johnathan/Documents/GitHub/LifeSparkDev/LifeSpark/Photon Server/PhotonServerRes/deploy/Lite/bin/Lite.DLL
2014-06-28 22:05:25,302 [ 1] INFO  PhotonHostRuntime.PhotonDomainManager - Photon SDK:3.4.22.6309
2014-06-28 22:05:25,317 [ 1] INFO  PhotonHostRuntime.PhotonDomainManager - AssemblyLoadEvent: Photon.SocketServer, Version=3.4.22.6309, Culture=neutral, PublicKeyToken=48c2fa3b6988090e from file:///C:/Users/Johnathan/Documents/GitHub/LifeSparkDev/LifeSpark/Photon Server/PhotonServerRes/deploy/Lite/bin/Photon.SocketServer.DLL
2014-06-28 22:05:25,329 [ 1] INFO  PhotonHostRuntime.PhotonDomainManager - AssemblyLoadEvent: ExitGamesLibs, Version=1.0.1.0, Culture=neutral, PublicKeyToken=eac0edd9746a4aa0 from file:///C:/Users/Johnathan/Documents/GitHub/LifeSparkDev/LifeSpark/Photon Server/PhotonServerRes/deploy/Lite/bin/ExitGamesLibs.DLL
2014-06-28 22:05:25,346 [ 1] INFO  PhotonHostRuntime.PhotonDomainManager - AssemblyLoadEvent: System.Core, Version=4.0.0.0, Culture=neutral, PublicKeyToken=b77a5c561934e089 from file:///C:/Windows/Microsoft.Net/assembly/GAC_MSIL/System.Core/v4.0_4.0.0.0__b77a5c561934e089/System.Core.dll
2014-06-28 22:05:25,349 [ 1] INFO  PhotonHostRuntime.PhotonDomainManager - Starting: name = 'Lite', assemblyName = 'Lite', typeName = 'Lite.LiteApplication'
2014-06-28 22:05:25,355 [ 1] INFO  PhotonHostRuntime.PhotonDomainManager - CreateAppDomain: name = 'DataStore' , assemblyName = 'DataStore'
2014-06-28 22:05:25,357 [ 1] ERROR PhotonHostRuntime.PhotonDomainManager - CreateDomain
System.Exception: Can't find DataStore.dll in C:\Users\Johnathan\Documents\GitHub\LifeSparkDev\LifeSpark\Photon Server\PhotonServerRes\deploy\Lite\bin or C:\Users\Johnathan\Documents\GitHub\LifeSparkDev\LifeSpark\Photon Server\PhotonServerRes\deploy\DataStore\bin
   at PhotonHostRuntime.PhotonDomainManager.PhotonDefaultAppDomainBehavior.CreateAppDomain(String name, String assemblyName, String baseDirectoryRaw, String applicationRootDirectoryRaw, String applicationDirectoryRaw, String sharedDirectoryRaw, String applicationSharedDirectoryRaw, Boolean enableShadowCopy, Boolean createPerInstanceShadowCopyCaches, String instanceName)
   at PhotonHostRuntime.PhotonDomainManager.CreateAppDomain(String name, String assemblyName, String baseDirectoryRaw, String applicationRootDirectoryRaw, String applicationDirectoryRaw, String sharedDirectoryRaw, String applicationSharedDirectoryRaw, Boolean enableShadowCopy, Boolean createPerInstanceShadowCopyCaches, String instanceName)
2014-06-28 22:05:25,362 [ 1] INFO  PhotonHostRuntime.PhotonDomainManager - RequestStop: ApplicationName = 'Lite', DomainId='2' -- calling Application.OnStopRequested()
2014-06-28 22:05:25,372 [ 1] INFO  PhotonHostRuntime.PhotonDomainManager - RequestStop: ApplicationName = 'DefaultDomain', DomainId='1'
2014-06-28 22:05:25,380 [ 1] INFO  PhotonHostRuntime.PhotonDomainManager - Stop: ApplicationName = 'Lite', DomainId='2' -- calling Application.TearDown()
